<?xml version="1.0" encoding="UTF-8"?>
<!DOCTYPE suite SYSTEM "https://testng.org/testng-1.0.dtd">
<suite name="test-suite2">
    <test thread-count="5" name="test_action16">
        <classes>
            <class name="tests.action.TestAction">
                <parameter name="environment" value="production"/>
                <parameter name="url" value="login"/>
                <parameter name="browser" value="chrome"/>
            </class>
        </classes>
    </test>
    <test thread-count="5" name="test_action15">
        <classes>
            <class name="tests.action.TestAction">
                <parameter name="environment" value="production"/>
                <parameter name="url" value="login"/>
                <parameter name="browser" value="chrome"/>
            </class>
        </classes>
    </test>
    <test thread-count="5" name="test_action14">
        <classes>
            <class name="tests.action.TestAction">
                <parameter name="environment" value="production"/>
                <parameter name="url" value="login"/>
                <parameter name="browser" value="chrome"/>
            </class>
        </classes>
    </test>
    <test thread-count="5" name="test_action13">
        <classes>
            <class name="tests.action.TestAction">
                <parameter name="environment" value="production"/>
                <parameter name="url" value="login"/>
                <parameter name="browser" value="chrome"/>
            </class>
        </classes>
    </test>
    <test thread-count="5" name="test_action12">
        <classes>
            <class name="tests.action.TestAction">
                <parameter name="environment" value="production"/>
                <parameter name="url" value="login"/>
                <parameter name="browser" value="chrome"/>
            </class>
        </classes>
    </test>
    <test thread-count="5" name="test_action11">
        <classes>
            <class name="tests.action.TestAction">
                <parameter name="environment" value="production"/>
                <parameter name="url" value="login"/>
                <parameter name="browser" value="chrome"/>
            </class>
        </classes>
    </test>
    <test thread-count="5" name="test_action10">
        <classes>
            <class name="tests.action.TestAction">
                <parameter name="environment" value="production"/>
                <parameter name="url" value="login"/>
                <parameter name="browser" value="chrome"/>
            </class>
        </classes>
    </test>
    <test thread-count="5" name="test_action9">
        <classes>
            <class name="tests.action.TestAction">
                <parameter name="environment" value="production"/>
                <parameter name="url" value="login"/>
                <parameter name="browser" value="chrome"/>
            </class>
        </classes>
    </test>
    <test thread-count="5" name="test_action8">
        <classes>
            <class name="tests.action.TestAction">
                <parameter name="environment" value="production"/>
                <parameter name="url" value="login"/>
                <parameter name="browser" value="chrome"/>
            </class>
        </classes>
    </test>
    <test thread-count="5" name="test_action7">
        <classes>
            <class name="tests.action.TestAction">
                <parameter name="environment" value="production"/>
                <parameter name="url" value="login"/>
                <parameter name="browser" value="chrome"/>
            </class>
        </classes>
    </test>
    <test thread-count="5" name="test_action6">
        <classes>
            <class name="tests.action.TestAction">
                <parameter name="environment" value="production"/>
                <parameter name="url" value="login"/>
                <parameter name="browser" value="chrome"/>
            </class>
        </classes>
    </test>
    <test thread-count="5" name="test_action5">
        <classes>
            <class name="tests.action.TestAction">
                <parameter name="environment" value="production"/>
                <parameter name="url" value="login"/>
                <parameter name="browser" value="chrome"/>
            </class>
        </classes>
    </test>
    <test thread-count="5" name="test_action4">
        <classes>
            <class name="tests.action.TestAction">
                <parameter name="environment" value="production"/>
                <parameter name="url" value="login"/>
                <parameter name="browser" value="chrome"/>
            </class>
        </classes>
    </test>
    <test thread-count="5" name="test_action3">
        <classes>
            <class name="tests.action.TestAction">
                <parameter name="environment" value="production"/>
                <parameter name="url" value="login"/>
                <parameter name="browser" value="chrome"/>
            </class>
        </classes>
    </test>
    <test thread-count="5" name="test_action2">
        <classes>
            <class name="tests.action.TestAction">
                <parameter name="environment" value="production"/>
                <parameter name="url" value="login"/>
                <parameter name="browser" value="chrome"/>
            </class>
        </classes>
    </test>
    <test thread-count="5" name="test_action1">
        <classes>
            <class name="tests.action.TestAction">
                <parameter name="environment" value="production"/>
                <parameter name="url" value="login"/>
                <parameter name="browser" value="chrome"/>
            </class>
        </classes>
    </test>
</suite>
